http://stream.clubrenoize.com:9001/                       ;re:noize
https://plaza.one/ogg                                     ;Nightwave Plaza
http://radio.ivan.moe/icecast/vpr-playlist?420            ;Virtual Plaza Radio
http://www.revivalkult.de/radio/winamp.pls                ;Revival kult
http://www.happyhardcore.com/livestreams/hardcore.pls     ;HappyHardcore.com

http://www.post-rock.ro/pls/postrockmusic.pls             ;post-rock.ro
http://farpastpost.com/radiowinamp                        ;farpastpost - Post Rock
http://tosfm.serveblog.net:8000/listen.pls                ;tosfm.serveblog.net - Post Rock
http://voxsc1.somafm.com:8900/listen.pls                  ;somafm - Rock?

http://listen.di.fm/public3/psybient.pls                  ;di.fm - Psybient
http://listen.di.fm/public3/electropop.pls                ;di.fm - Electropop
http://listen.di.fm/public3/undergroundtechno.pls         ;di.fm - Underground Techno
http://listen.di.fm/public3/trance.pls                    ;di.fm - Trance
http://listen.di.fm/public3/vocaltrance.pls               ;di.fm - Vocal Trance
http://listen.di.fm/public3/lounge.pls                    ;di.fm - Lounge
http://listen.di.fm/public3/chillout.pls                  ;di.fm - Chillout
http://listen.di.fm/public3/vocalchillout.pls             ;di.fm - Vocal Chillout
http://listen.di.fm/public3/chillhop.pls                  ;di.fm - ChillHop
http://listen.di.fm/public3/chillstep.pls                 ;di.fm - Chillstep
http://listen.di.fm/public3/progressive.pls               ;di.fm - Progressive
http://listen.di.fm/public3/house.pls                     ;di.fm - House
http://listen.di.fm/public3/mainstage.pls                 ;di.fm - Mainstage
http://listen.di.fm/public3/umfradio.pls                  ;di.fm - UMF Radio
http://listen.di.fm/public3/minimal.pls                   ;di.fm - Minimal
http://listen.di.fm/public3/harddance.pls                 ;di.fm - Hard Dance
http://listen.di.fm/public3/eurodance.pls                 ;di.fm - EuroDance
http://listen.di.fm/public3/vocallounge.pls               ;di.fm - Vocal Lounge
http://listen.di.fm/public3/techhouse.pls                 ;di.fm - Tech House
http://listen.di.fm/public3/electro.pls                   ;di.fm - Electro House
http://listen.di.fm/public3/bigroomhouse.pls              ;di.fm - Big Room House
http://listen.di.fm/public3/trap.pls                      ;di.fm - Trap
http://listen.di.fm/public3/psychill.pls                  ;di.fm - PsyChill
http://listen.di.fm/public3/goapsy.pls                    ;di.fm - Goa-Psy Trance
http://listen.di.fm/public3/progressivepsy.pls            ;di.fm - Progressive Psy
http://listen.di.fm/public3/hardcore.pls                  ;di.fm - Hardcore
http://listen.di.fm/public3/downtempolounge.pls           ;di.fm - Downtempo Lounge
http://listen.di.fm/public3/moombahton.pls                ;di.fm - Moombahton
http://listen.di.fm/public3/djmixes.pls                   ;di.fm - DJ Mixes
http://listen.di.fm/public3/russianclubhits.pls           ;di.fm - Russian Club Hits
http://listen.di.fm/public3/ambient.pls                   ;di.fm - Ambient
http://listen.di.fm/public3/drumandbass.pls               ;di.fm - Drum 'n Bass
http://listen.di.fm/public3/eclectronica.pls              ;di.fm - EcLectronica
http://listen.di.fm/public3/scousehouse.pls               ;di.fm - Scouse House
http://listen.di.fm/public3/classictechno.pls             ;di.fm - Oldschool Rave
http://listen.di.fm/public3/epictrance.pls                ;di.fm - Epic Trance
http://listen.di.fm/public3/ukgarage.pls                  ;di.fm - UK Garage
http://listen.di.fm/public3/breaks.pls                    ;di.fm - Breaks
http://listen.di.fm/public3/gabber.pls                    ;di.fm - Gabber
http://listen.di.fm/public3/cosmicdowntempo.pls           ;di.fm - Cosmic Downtempo
http://listen.di.fm/public3/hardtechno.pls                ;di.fm - Hard Techno
http://listen.di.fm/public3/techno.pls                    ;di.fm - Techno
http://listen.di.fm/public3/electronicpioneers.pls        ;di.fm - Electronic Pioneers
http://listen.di.fm/public3/soulfulhouse.pls              ;di.fm - Soulful House
http://listen.di.fm/public3/deephouse.pls                 ;di.fm - Deep House
http://listen.di.fm/public3/deeptech.pls                  ;di.fm - Deep Tech
http://listen.di.fm/public3/tribalhouse.pls               ;di.fm - Tribal House
http://listen.di.fm/public3/funkyhouse.pls                ;di.fm - Funky House
http://listen.di.fm/public3/deepnudisco.pls               ;di.fm - Deep Nu-Disco
http://listen.di.fm/public3/spacemusic.pls                ;di.fm - Space Dreams
http://listen.di.fm/public3/hardstyle.pls                 ;di.fm - Hardstyle
http://listen.di.fm/public3/chilloutdreams.pls            ;di.fm - Chillout Dreams
http://listen.di.fm/public3/liquiddnb.pls                 ;di.fm - Liquid DnB
http://listen.di.fm/public3/darkdnb.pls                   ;di.fm - Dark DnB
http://listen.di.fm/public3/classiceurodance.pls          ;di.fm - Classic EuroDance
http://listen.di.fm/public3/handsup.pls                   ;di.fm - Hands Up
http://listen.di.fm/public3/club.pls                      ;di.fm - Club Sounds
http://listen.di.fm/public3/classictrance.pls             ;di.fm - Classic Trance
http://listen.di.fm/public3/classicvocaltrance.pls        ;di.fm - Classic Vocal Trance
http://listen.di.fm/public3/clubdubstep.pls               ;di.fm - Club Dubstep
http://listen.di.fm/public3/dubstep.pls                   ;di.fm - Dubstep
http://listen.di.fm/public3/liquiddubstep.pls             ;di.fm - Liquid Dubstep
http://listen.di.fm/public3/glitchhop.pls                 ;di.fm - Glitch Hop
http://listen.di.fm/public3/discohouse.pls                ;di.fm - Disco House
http://listen.di.fm/public3/classiceurodisco.pls          ;di.fm - Classic EuroDisco
http://listen.di.fm/public3/futuresynthpop.pls            ;di.fm - Future Synthpop
http://listen.di.fm/public3/latinhouse.pls                ;di.fm - Latin House
http://listen.di.fm/public3/oldschoolacid.pls             ;di.fm - Oldschool Acid
http://listen.di.fm/public3/chiptunes.pls                 ;di.fm - Chiptunes
http://listen.di.fm/public3/sankeys.pls                   ;di.fm - Sankeys Radio
